
[phys_no_margin/fill_4964]
id=2,sh_x=-1.658,sh_x_unc=0.150,sh_y=0.852,sh_y_unc=0.100
id=3,sh_x=-4.150,sh_x_unc=0.150,sh_y=-0.497,sh_y_unc=0.100
id=102,sh_x=-3.743,sh_x_unc=0.150,sh_y=-0.322,sh_y_unc=0.100
id=103,sh_x=-3.390,sh_x_unc=0.150,sh_y=-0.423,sh_y_unc=0.100

[phys_no_margin/fill_4985]
id=2,sh_x=-1.777,sh_x_unc=0.150,sh_y=0.839,sh_y_unc=0.100
id=3,sh_x=-4.190,sh_x_unc=0.150,sh_y=-0.489,sh_y_unc=0.100
id=102,sh_x=-3.916,sh_x_unc=0.150,sh_y=-0.349,sh_y_unc=0.100
id=103,sh_x=-3.559,sh_x_unc=0.150,sh_y=-0.439,sh_y_unc=0.100

[phys_no_margin/fill_4988]
id=2,sh_x=-1.850,sh_x_unc=0.150,sh_y=0.775,sh_y_unc=0.100
id=3,sh_x=-4.192,sh_x_unc=0.150,sh_y=-0.491,sh_y_unc=0.100
id=102,sh_x=-3.846,sh_x_unc=0.150,sh_y=-0.336,sh_y_unc=0.100
id=103,sh_x=-3.487,sh_x_unc=0.150,sh_y=-0.444,sh_y_unc=0.100

[phys_no_margin/fill_4990]
id=2,sh_x=-1.910,sh_x_unc=0.150,sh_y=0.740,sh_y_unc=0.100
id=3,sh_x=-4.173,sh_x_unc=0.150,sh_y=-0.504,sh_y_unc=0.100
id=102,sh_x=-3.885,sh_x_unc=0.150,sh_y=-0.332,sh_y_unc=0.100
id=103,sh_x=-3.515,sh_x_unc=0.150,sh_y=-0.468,sh_y_unc=0.100

[phys_no_margin/fill_5005]
id=2,sh_x=-2.387,sh_x_unc=0.150,sh_y=0.706,sh_y_unc=0.100
id=3,sh_x=-4.013,sh_x_unc=0.150,sh_y=-0.458,sh_y_unc=0.100
id=102,sh_x=-3.981,sh_x_unc=0.150,sh_y=-0.304,sh_y_unc=0.100
id=103,sh_x=-3.619,sh_x_unc=0.150,sh_y=-0.385,sh_y_unc=0.100

[phys_no_margin/fill_5013]
id=2,sh_x=-2.621,sh_x_unc=0.150,sh_y=0.570,sh_y_unc=0.100
id=3,sh_x=-4.254,sh_x_unc=0.150,sh_y=-0.498,sh_y_unc=0.100
id=102,sh_x=-3.946,sh_x_unc=0.150,sh_y=-0.343,sh_y_unc=0.100
id=103,sh_x=-3.587,sh_x_unc=0.150,sh_y=-0.439,sh_y_unc=0.100

[phys_no_margin/fill_5017]
id=2,sh_x=-2.560,sh_x_unc=0.150,sh_y=0.503,sh_y_unc=0.100
id=3,sh_x=-4.123,sh_x_unc=0.150,sh_y=-0.519,sh_y_unc=0.100
id=102,sh_x=-3.878,sh_x_unc=0.150,sh_y=-0.345,sh_y_unc=0.100
id=103,sh_x=-3.531,sh_x_unc=0.150,sh_y=-0.437,sh_y_unc=0.100

[phys_no_margin/fill_5020]
id=2,sh_x=-2.597,sh_x_unc=0.150,sh_y=0.372,sh_y_unc=0.100
id=3,sh_x=-4.128,sh_x_unc=0.150,sh_y=-0.563,sh_y_unc=0.100
id=102,sh_x=-3.915,sh_x_unc=0.150,sh_y=-0.329,sh_y_unc=0.100
id=103,sh_x=-3.543,sh_x_unc=0.150,sh_y=-0.481,sh_y_unc=0.100

[phys_no_margin/fill_5021]
id=2,sh_x=-2.688,sh_x_unc=0.150,sh_y=0.289,sh_y_unc=0.100
id=3,sh_x=-4.162,sh_x_unc=0.150,sh_y=-0.564,sh_y_unc=0.100
id=102,sh_x=-3.946,sh_x_unc=0.150,sh_y=-0.342,sh_y_unc=0.100
id=103,sh_x=-3.579,sh_x_unc=0.150,sh_y=-0.458,sh_y_unc=0.100

[phys_no_margin/fill_5024]
id=2,sh_x=-2.692,sh_x_unc=0.150,sh_y=0.295,sh_y_unc=0.100
id=3,sh_x=-4.116,sh_x_unc=0.150,sh_y=-0.505,sh_y_unc=0.100
id=102,sh_x=-3.874,sh_x_unc=0.150,sh_y=-0.339,sh_y_unc=0.100
id=103,sh_x=-3.517,sh_x_unc=0.150,sh_y=-0.454,sh_y_unc=0.100

[phys_no_margin/fill_5026]
id=2,sh_x=-2.729,sh_x_unc=0.150,sh_y=0.242,sh_y_unc=0.100
id=3,sh_x=-4.121,sh_x_unc=0.150,sh_y=-0.536,sh_y_unc=0.100
id=102,sh_x=-3.876,sh_x_unc=0.150,sh_y=-0.338,sh_y_unc=0.100
id=103,sh_x=-3.524,sh_x_unc=0.150,sh_y=-0.462,sh_y_unc=0.100

[phys_no_margin/fill_5027]
id=2,sh_x=-2.750,sh_x_unc=0.150,sh_y=0.164,sh_y_unc=0.100
id=3,sh_x=-4.117,sh_x_unc=0.150,sh_y=-0.587,sh_y_unc=0.100
id=102,sh_x=-3.961,sh_x_unc=0.150,sh_y=-0.335,sh_y_unc=0.100
id=103,sh_x=-3.606,sh_x_unc=0.150,sh_y=-0.475,sh_y_unc=0.100

[phys_no_margin/fill_5028]
id=2,sh_x=-2.832,sh_x_unc=0.150,sh_y=0.138,sh_y_unc=0.100
id=3,sh_x=-4.151,sh_x_unc=0.150,sh_y=-0.587,sh_y_unc=0.100
id=102,sh_x=-3.962,sh_x_unc=0.150,sh_y=-0.362,sh_y_unc=0.100
id=103,sh_x=-3.588,sh_x_unc=0.150,sh_y=-0.478,sh_y_unc=0.100

[phys_no_margin/fill_5029]
id=2,sh_x=-2.770,sh_x_unc=0.150,sh_y=0.139,sh_y_unc=0.100
id=3,sh_x=-4.055,sh_x_unc=0.150,sh_y=-0.539,sh_y_unc=0.100
id=102,sh_x=-3.994,sh_x_unc=0.150,sh_y=-0.330,sh_y_unc=0.100
id=103,sh_x=-3.631,sh_x_unc=0.150,sh_y=-0.485,sh_y_unc=0.100

[phys_no_margin/fill_5030]
id=2,sh_x=-2.801,sh_x_unc=0.150,sh_y=0.061,sh_y_unc=0.100
id=3,sh_x=-4.057,sh_x_unc=0.150,sh_y=-0.574,sh_y_unc=0.100
id=102,sh_x=-3.933,sh_x_unc=0.150,sh_y=-0.372,sh_y_unc=0.100
id=103,sh_x=-3.559,sh_x_unc=0.150,sh_y=-0.514,sh_y_unc=0.100

[phys_no_margin/fill_5038]
id=2,sh_x=-2.904,sh_x_unc=0.150,sh_y=0.069,sh_y_unc=0.100
id=3,sh_x=-4.096,sh_x_unc=0.150,sh_y=-0.545,sh_y_unc=0.100
id=102,sh_x=-3.926,sh_x_unc=0.150,sh_y=-0.303,sh_y_unc=0.100
id=103,sh_x=-3.566,sh_x_unc=0.150,sh_y=-0.394,sh_y_unc=0.100

[phys_no_margin/fill_5043]
id=2,sh_x=-2.973,sh_x_unc=0.150,sh_y=-0.023,sh_y_unc=0.100
id=3,sh_x=-4.127,sh_x_unc=0.150,sh_y=-0.541,sh_y_unc=0.100
id=102,sh_x=-3.944,sh_x_unc=0.150,sh_y=-0.345,sh_y_unc=0.100
id=103,sh_x=-3.581,sh_x_unc=0.150,sh_y=-0.457,sh_y_unc=0.100

[phys_no_margin/fill_5045]
id=2,sh_x=-2.982,sh_x_unc=0.150,sh_y=-0.097,sh_y_unc=0.100
id=3,sh_x=-4.118,sh_x_unc=0.150,sh_y=-0.605,sh_y_unc=0.100
id=102,sh_x=-3.935,sh_x_unc=0.150,sh_y=-0.370,sh_y_unc=0.100
id=103,sh_x=-3.557,sh_x_unc=0.150,sh_y=-0.504,sh_y_unc=0.100

[phys_no_margin/fill_5048]
id=2,sh_x=-3.033,sh_x_unc=0.150,sh_y=-0.100,sh_y_unc=0.100
id=3,sh_x=-4.134,sh_x_unc=0.150,sh_y=-0.585,sh_y_unc=0.100
id=102,sh_x=-3.962,sh_x_unc=0.150,sh_y=-0.337,sh_y_unc=0.100
id=103,sh_x=-3.588,sh_x_unc=0.150,sh_y=-0.453,sh_y_unc=0.100

[phys_no_margin/fill_5052]
id=2,sh_x=-3.075,sh_x_unc=0.150,sh_y=-0.211,sh_y_unc=0.100
id=3,sh_x=-4.125,sh_x_unc=0.150,sh_y=-0.681,sh_y_unc=0.100
id=102,sh_x=-4.013,sh_x_unc=0.150,sh_y=-0.316,sh_y_unc=0.100
id=103,sh_x=-3.662,sh_x_unc=0.150,sh_y=-0.425,sh_y_unc=0.100

[phys_no_margin/fill_5261]
id=2,sh_x=-3.297,sh_x_unc=0.150,sh_y=-0.224,sh_y_unc=0.100
id=3,sh_x=-4.136,sh_x_unc=0.150,sh_y=-0.459,sh_y_unc=0.100
id=102,sh_x=-3.919,sh_x_unc=0.150,sh_y=-0.351,sh_y_unc=0.100
id=103,sh_x=-3.556,sh_x_unc=0.150,sh_y=-0.426,sh_y_unc=0.100

[phys_no_margin/fill_5264]
id=2,sh_x=-3.370,sh_x_unc=0.150,sh_y=-0.244,sh_y_unc=0.100
id=3,sh_x=-4.213,sh_x_unc=0.150,sh_y=-0.443,sh_y_unc=0.100
id=102,sh_x=0.045,sh_x_unc=0.150,sh_y=0.000,sh_y_unc=0.100
id=103,sh_x=-0.045,sh_x_unc=0.150,sh_y=0.000,sh_y_unc=0.100

[phys_no_margin/fill_5265]
id=2,sh_x=-3.362,sh_x_unc=0.150,sh_y=-0.213,sh_y_unc=0.100
id=3,sh_x=-4.196,sh_x_unc=0.150,sh_y=-0.428,sh_y_unc=0.100
id=102,sh_x=-3.912,sh_x_unc=0.150,sh_y=-0.298,sh_y_unc=0.100
id=103,sh_x=-3.546,sh_x_unc=0.150,sh_y=-0.383,sh_y_unc=0.100

[phys_no_margin/fill_5266]
id=2,sh_x=-3.363,sh_x_unc=0.150,sh_y=-0.225,sh_y_unc=0.100
id=3,sh_x=-4.212,sh_x_unc=0.150,sh_y=-0.438,sh_y_unc=0.100
id=102,sh_x=-3.892,sh_x_unc=0.150,sh_y=-0.311,sh_y_unc=0.100
id=103,sh_x=-3.536,sh_x_unc=0.150,sh_y=-0.402,sh_y_unc=0.100

[phys_no_margin/fill_5267]
id=2,sh_x=-3.337,sh_x_unc=0.150,sh_y=-0.226,sh_y_unc=0.100
id=3,sh_x=-4.188,sh_x_unc=0.150,sh_y=-0.432,sh_y_unc=0.100
id=102,sh_x=-3.914,sh_x_unc=0.150,sh_y=-0.340,sh_y_unc=0.100
id=103,sh_x=-3.562,sh_x_unc=0.150,sh_y=-0.431,sh_y_unc=0.100

[phys_no_margin/fill_5274]
id=2,sh_x=-3.298,sh_x_unc=0.150,sh_y=-0.210,sh_y_unc=0.100
id=3,sh_x=-4.127,sh_x_unc=0.150,sh_y=-0.434,sh_y_unc=0.100
id=102,sh_x=-3.892,sh_x_unc=0.150,sh_y=-0.333,sh_y_unc=0.100
id=103,sh_x=-3.529,sh_x_unc=0.150,sh_y=-0.414,sh_y_unc=0.100

[phys_no_margin/fill_5275]
id=2,sh_x=-3.444,sh_x_unc=0.150,sh_y=-0.217,sh_y_unc=0.100
id=3,sh_x=-4.273,sh_x_unc=0.150,sh_y=-0.429,sh_y_unc=0.100
id=102,sh_x=-3.902,sh_x_unc=0.150,sh_y=-0.301,sh_y_unc=0.100
id=103,sh_x=-3.556,sh_x_unc=0.150,sh_y=-0.390,sh_y_unc=0.100

[phys_no_margin/fill_5276]
id=2,sh_x=-3.356,sh_x_unc=0.150,sh_y=-0.223,sh_y_unc=0.100
id=3,sh_x=-4.194,sh_x_unc=0.150,sh_y=-0.432,sh_y_unc=0.100
id=102,sh_x=-3.905,sh_x_unc=0.150,sh_y=-0.319,sh_y_unc=0.100
id=103,sh_x=-3.562,sh_x_unc=0.150,sh_y=-0.403,sh_y_unc=0.100

[phys_no_margin/fill_5277]
id=2,sh_x=-3.272,sh_x_unc=0.150,sh_y=-0.205,sh_y_unc=0.100
id=3,sh_x=-4.112,sh_x_unc=0.150,sh_y=-0.421,sh_y_unc=0.100
id=102,sh_x=-3.921,sh_x_unc=0.150,sh_y=-0.311,sh_y_unc=0.100
id=103,sh_x=-3.554,sh_x_unc=0.150,sh_y=-0.396,sh_y_unc=0.100

[phys_no_margin/fill_5279]
id=2,sh_x=-3.329,sh_x_unc=0.150,sh_y=-0.264,sh_y_unc=0.100
id=3,sh_x=-4.171,sh_x_unc=0.150,sh_y=-0.470,sh_y_unc=0.100
id=102,sh_x=-3.902,sh_x_unc=0.150,sh_y=-0.336,sh_y_unc=0.100
id=103,sh_x=-3.540,sh_x_unc=0.150,sh_y=-0.414,sh_y_unc=0.100

[phys_no_margin/fill_5287]
id=2,sh_x=-3.420,sh_x_unc=0.150,sh_y=-0.207,sh_y_unc=0.100
id=3,sh_x=-4.255,sh_x_unc=0.150,sh_y=-0.430,sh_y_unc=0.100
id=102,sh_x=-3.886,sh_x_unc=0.150,sh_y=-0.329,sh_y_unc=0.100
id=103,sh_x=-3.539,sh_x_unc=0.150,sh_y=-0.409,sh_y_unc=0.100

[phys_no_margin/fill_5288]
id=2,sh_x=-3.365,sh_x_unc=0.150,sh_y=-0.232,sh_y_unc=0.100
id=3,sh_x=-4.210,sh_x_unc=0.150,sh_y=-0.444,sh_y_unc=0.100
id=102,sh_x=-3.915,sh_x_unc=0.150,sh_y=-0.311,sh_y_unc=0.100
id=103,sh_x=-3.563,sh_x_unc=0.150,sh_y=-0.401,sh_y_unc=0.100

[phys_margin/fill_4947]
id=2,sh_x=-1.055,sh_x_unc=0.150,sh_y=0.860,sh_y_unc=0.100
id=3,sh_x=-3.612,sh_x_unc=0.150,sh_y=-0.530,sh_y_unc=0.100
id=102,sh_x=-3.201,sh_x_unc=0.150,sh_y=-0.293,sh_y_unc=0.100
id=103,sh_x=-2.841,sh_x_unc=0.150,sh_y=-0.460,sh_y_unc=0.100

[phys_margin/fill_4953]
id=2,sh_x=-1.133,sh_x_unc=0.150,sh_y=0.850,sh_y_unc=0.100
id=3,sh_x=-3.642,sh_x_unc=0.150,sh_y=-0.584,sh_y_unc=0.100
id=102,sh_x=-3.290,sh_x_unc=0.150,sh_y=-0.280,sh_y_unc=0.100
id=103,sh_x=-2.927,sh_x_unc=0.150,sh_y=-0.473,sh_y_unc=0.100

[phys_margin/fill_4961]
id=2,sh_x=-1.118,sh_x_unc=0.150,sh_y=0.868,sh_y_unc=0.100
id=3,sh_x=-3.632,sh_x_unc=0.150,sh_y=-0.549,sh_y_unc=0.100
id=102,sh_x=-3.297,sh_x_unc=0.150,sh_y=-0.318,sh_y_unc=0.100
id=103,sh_x=-2.945,sh_x_unc=0.150,sh_y=-0.481,sh_y_unc=0.100

[phys_margin/fill_4964]
id=2,sh_x=-1.219,sh_x_unc=0.150,sh_y=0.845,sh_y_unc=0.100
id=3,sh_x=-3.706,sh_x_unc=0.150,sh_y=-0.528,sh_y_unc=0.100
id=102,sh_x=-3.380,sh_x_unc=0.150,sh_y=-0.313,sh_y_unc=0.100
id=103,sh_x=-3.028,sh_x_unc=0.150,sh_y=-0.477,sh_y_unc=0.100

[phys_margin/fill_4976]
id=2,sh_x=-1.185,sh_x_unc=0.150,sh_y=0.868,sh_y_unc=0.100
id=3,sh_x=-3.632,sh_x_unc=0.150,sh_y=-0.535,sh_y_unc=0.100
id=102,sh_x=-3.343,sh_x_unc=0.150,sh_y=-0.322,sh_y_unc=0.100
id=103,sh_x=-2.991,sh_x_unc=0.150,sh_y=-0.488,sh_y_unc=0.100
