
[phys_margin/fill_4947]
id=2,sh_x=-1.055,sh_x_unc=+0.150,sh_y=+0.933,sh_y_unc=+0.100,rot_z=-0.0225,rot_z_unc=+0.0050
id=3,sh_x=-3.612,sh_x_unc=+0.150,sh_y=-0.493,sh_y_unc=+0.100,rot_z=+0.0000,rot_z_unc=+0.0000
id=102,sh_x=-3.201,sh_x_unc=+0.150,sh_y=-0.300,sh_y_unc=+0.100,rot_z=+0.0000,rot_z_unc=+0.0000
id=103,sh_x=-2.841,sh_x_unc=+0.150,sh_y=-0.487,sh_y_unc=+0.100,rot_z=+0.0000,rot_z_unc=+0.0000

[phys_margin/fill_4953]
id=2,sh_x=-1.133,sh_x_unc=+0.150,sh_y=+0.868,sh_y_unc=+0.100,rot_z=-0.0225,rot_z_unc=+0.0050
id=3,sh_x=-3.642,sh_x_unc=+0.150,sh_y=-0.577,sh_y_unc=+0.100,rot_z=+0.0000,rot_z_unc=+0.0000
id=102,sh_x=-3.290,sh_x_unc=+0.150,sh_y=-0.295,sh_y_unc=+0.100,rot_z=+0.0000,rot_z_unc=+0.0000
id=103,sh_x=-2.927,sh_x_unc=+0.150,sh_y=-0.505,sh_y_unc=+0.100,rot_z=+0.0000,rot_z_unc=+0.0000

[phys_margin/fill_4961]
id=2,sh_x=-1.118,sh_x_unc=+0.150,sh_y=+0.917,sh_y_unc=+0.100,rot_z=-0.0225,rot_z_unc=+0.0050
id=3,sh_x=-3.632,sh_x_unc=+0.150,sh_y=-0.503,sh_y_unc=+0.100,rot_z=+0.0000,rot_z_unc=+0.0000
id=102,sh_x=-3.297,sh_x_unc=+0.150,sh_y=-0.318,sh_y_unc=+0.100,rot_z=+0.0000,rot_z_unc=+0.0000
id=103,sh_x=-2.945,sh_x_unc=+0.150,sh_y=-0.525,sh_y_unc=+0.100,rot_z=+0.0000,rot_z_unc=+0.0000

[phys_margin/fill_4964]
id=2,sh_x=-1.219,sh_x_unc=+0.150,sh_y=+0.902,sh_y_unc=+0.100,rot_z=-0.0225,rot_z_unc=+0.0050
id=3,sh_x=-3.706,sh_x_unc=+0.150,sh_y=-0.488,sh_y_unc=+0.100,rot_z=+0.0000,rot_z_unc=+0.0000
id=102,sh_x=-3.380,sh_x_unc=+0.150,sh_y=-0.311,sh_y_unc=+0.100,rot_z=+0.0000,rot_z_unc=+0.0000
id=103,sh_x=-3.028,sh_x_unc=+0.150,sh_y=-0.490,sh_y_unc=+0.100,rot_z=+0.0000,rot_z_unc=+0.0000

[phys_margin/fill_4976]
id=2,sh_x=-1.185,sh_x_unc=+0.150,sh_y=+0.926,sh_y_unc=+0.100,rot_z=-0.0225,rot_z_unc=+0.0050
id=3,sh_x=-3.632,sh_x_unc=+0.150,sh_y=-0.508,sh_y_unc=+0.100,rot_z=+0.0000,rot_z_unc=+0.0000
id=102,sh_x=-3.343,sh_x_unc=+0.150,sh_y=-0.329,sh_y_unc=+0.100,rot_z=+0.0000,rot_z_unc=+0.0000
id=103,sh_x=-2.991,sh_x_unc=+0.150,sh_y=-0.491,sh_y_unc=+0.100,rot_z=+0.0000,rot_z_unc=+0.0000

[phys_no_margin/fill_4964]
id=2,sh_x=-1.658,sh_x_unc=+0.150,sh_y=+0.898,sh_y_unc=+0.100,rot_z=-0.0225,rot_z_unc=+0.0050
id=3,sh_x=-4.150,sh_x_unc=+0.150,sh_y=-0.430,sh_y_unc=+0.100,rot_z=+0.0000,rot_z_unc=+0.0000
id=102,sh_x=-3.743,sh_x_unc=+0.150,sh_y=-0.317,sh_y_unc=+0.100,rot_z=+0.0000,rot_z_unc=+0.0000
id=103,sh_x=-3.390,sh_x_unc=+0.150,sh_y=-0.414,sh_y_unc=+0.100,rot_z=+0.0000,rot_z_unc=+0.0000

[phys_no_margin/fill_4985]
id=2,sh_x=-1.777,sh_x_unc=+0.150,sh_y=+0.891,sh_y_unc=+0.100,rot_z=-0.0225,rot_z_unc=+0.0050
id=3,sh_x=-4.190,sh_x_unc=+0.150,sh_y=-0.448,sh_y_unc=+0.100,rot_z=+0.0000,rot_z_unc=+0.0000
id=102,sh_x=-3.916,sh_x_unc=+0.150,sh_y=-0.333,sh_y_unc=+0.100,rot_z=+0.0000,rot_z_unc=+0.0000
id=103,sh_x=-3.559,sh_x_unc=+0.150,sh_y=-0.431,sh_y_unc=+0.100,rot_z=+0.0000,rot_z_unc=+0.0000

[phys_no_margin/fill_4988]
id=2,sh_x=-1.850,sh_x_unc=+0.150,sh_y=+0.859,sh_y_unc=+0.100,rot_z=-0.0225,rot_z_unc=+0.0050
id=3,sh_x=-4.192,sh_x_unc=+0.150,sh_y=-0.443,sh_y_unc=+0.100,rot_z=+0.0000,rot_z_unc=+0.0000
id=102,sh_x=-3.846,sh_x_unc=+0.150,sh_y=-0.330,sh_y_unc=+0.100,rot_z=+0.0000,rot_z_unc=+0.0000
id=103,sh_x=-3.487,sh_x_unc=+0.150,sh_y=-0.440,sh_y_unc=+0.100,rot_z=+0.0000,rot_z_unc=+0.0000

[phys_no_margin/fill_4990]
id=2,sh_x=-1.910,sh_x_unc=+0.150,sh_y=+0.847,sh_y_unc=+0.100,rot_z=-0.0225,rot_z_unc=+0.0050
id=3,sh_x=-4.173,sh_x_unc=+0.150,sh_y=-0.456,sh_y_unc=+0.100,rot_z=+0.0000,rot_z_unc=+0.0000
id=102,sh_x=-3.885,sh_x_unc=+0.150,sh_y=-0.309,sh_y_unc=+0.100,rot_z=+0.0000,rot_z_unc=+0.0000
id=103,sh_x=-3.515,sh_x_unc=+0.150,sh_y=-0.443,sh_y_unc=+0.100,rot_z=+0.0000,rot_z_unc=+0.0000

[phys_no_margin/fill_5005]
id=2,sh_x=-2.387,sh_x_unc=+0.150,sh_y=+0.810,sh_y_unc=+0.100,rot_z=-0.0351,rot_z_unc=+0.0050
id=3,sh_x=-4.013,sh_x_unc=+0.150,sh_y=-0.418,sh_y_unc=+0.100,rot_z=+0.0000,rot_z_unc=+0.0000
id=102,sh_x=-3.981,sh_x_unc=+0.150,sh_y=-0.269,sh_y_unc=+0.100,rot_z=+0.0000,rot_z_unc=+0.0000
id=103,sh_x=-3.619,sh_x_unc=+0.150,sh_y=-0.374,sh_y_unc=+0.100,rot_z=+0.0000,rot_z_unc=+0.0000

[phys_no_margin/fill_5013]
id=2,sh_x=-2.621,sh_x_unc=+0.150,sh_y=+0.660,sh_y_unc=+0.100,rot_z=-0.0276,rot_z_unc=+0.0050
id=3,sh_x=-4.254,sh_x_unc=+0.150,sh_y=-0.474,sh_y_unc=+0.100,rot_z=+0.0000,rot_z_unc=+0.0000
id=102,sh_x=-3.946,sh_x_unc=+0.150,sh_y=-0.329,sh_y_unc=+0.100,rot_z=+0.0000,rot_z_unc=+0.0000
id=103,sh_x=-3.587,sh_x_unc=+0.150,sh_y=-0.430,sh_y_unc=+0.100,rot_z=+0.0000,rot_z_unc=+0.0000

[phys_no_margin/fill_5017]
id=2,sh_x=-2.560,sh_x_unc=+0.150,sh_y=+0.610,sh_y_unc=+0.100,rot_z=-0.0239,rot_z_unc=+0.0050
id=3,sh_x=-4.123,sh_x_unc=+0.150,sh_y=-0.470,sh_y_unc=+0.100,rot_z=+0.0000,rot_z_unc=+0.0000
id=102,sh_x=-3.878,sh_x_unc=+0.150,sh_y=-0.338,sh_y_unc=+0.100,rot_z=+0.0000,rot_z_unc=+0.0000
id=103,sh_x=-3.531,sh_x_unc=+0.150,sh_y=-0.438,sh_y_unc=+0.100,rot_z=+0.0000,rot_z_unc=+0.0000

[phys_no_margin/fill_5020]
id=2,sh_x=-2.597,sh_x_unc=+0.150,sh_y=+0.484,sh_y_unc=+0.100,rot_z=-0.0211,rot_z_unc=+0.0050
id=3,sh_x=-4.128,sh_x_unc=+0.150,sh_y=-0.522,sh_y_unc=+0.100,rot_z=+0.0000,rot_z_unc=+0.0000
id=102,sh_x=-3.915,sh_x_unc=+0.150,sh_y=-0.347,sh_y_unc=+0.100,rot_z=+0.0000,rot_z_unc=+0.0000
id=103,sh_x=-3.543,sh_x_unc=+0.150,sh_y=-0.491,sh_y_unc=+0.100,rot_z=+0.0000,rot_z_unc=+0.0000

[phys_no_margin/fill_5021]
id=2,sh_x=-2.688,sh_x_unc=+0.150,sh_y=+0.428,sh_y_unc=+0.100,rot_z=-0.0202,rot_z_unc=+0.0050
id=3,sh_x=-4.162,sh_x_unc=+0.150,sh_y=-0.523,sh_y_unc=+0.100,rot_z=+0.0000,rot_z_unc=+0.0000
id=102,sh_x=-3.946,sh_x_unc=+0.150,sh_y=-0.352,sh_y_unc=+0.100,rot_z=+0.0000,rot_z_unc=+0.0000
id=103,sh_x=-3.579,sh_x_unc=+0.150,sh_y=-0.454,sh_y_unc=+0.100,rot_z=+0.0000,rot_z_unc=+0.0000

[phys_no_margin/fill_5024]
id=2,sh_x=-2.692,sh_x_unc=+0.150,sh_y=+0.403,sh_y_unc=+0.100,rot_z=-0.0174,rot_z_unc=+0.0050
id=3,sh_x=-4.116,sh_x_unc=+0.150,sh_y=-0.519,sh_y_unc=+0.100,rot_z=+0.0000,rot_z_unc=+0.0000
id=102,sh_x=-3.874,sh_x_unc=+0.150,sh_y=-0.313,sh_y_unc=+0.100,rot_z=+0.0000,rot_z_unc=+0.0000
id=103,sh_x=-3.517,sh_x_unc=+0.150,sh_y=-0.433,sh_y_unc=+0.100,rot_z=+0.0000,rot_z_unc=+0.0000

[phys_no_margin/fill_5026]
id=2,sh_x=-2.729,sh_x_unc=+0.150,sh_y=+0.363,sh_y_unc=+0.100,rot_z=-0.0156,rot_z_unc=+0.0050
id=3,sh_x=-4.121,sh_x_unc=+0.150,sh_y=-0.528,sh_y_unc=+0.100,rot_z=+0.0000,rot_z_unc=+0.0000
id=102,sh_x=-3.876,sh_x_unc=+0.150,sh_y=-0.327,sh_y_unc=+0.100,rot_z=+0.0000,rot_z_unc=+0.0000
id=103,sh_x=-3.524,sh_x_unc=+0.150,sh_y=-0.455,sh_y_unc=+0.100,rot_z=+0.0000,rot_z_unc=+0.0000

[phys_no_margin/fill_5027]
id=2,sh_x=-2.750,sh_x_unc=+0.150,sh_y=+0.283,sh_y_unc=+0.100,rot_z=-0.0146,rot_z_unc=+0.0050
id=3,sh_x=-4.117,sh_x_unc=+0.150,sh_y=-0.586,sh_y_unc=+0.100,rot_z=+0.0000,rot_z_unc=+0.0000
id=102,sh_x=-3.961,sh_x_unc=+0.150,sh_y=-0.329,sh_y_unc=+0.100,rot_z=+0.0000,rot_z_unc=+0.0000
id=103,sh_x=-3.606,sh_x_unc=+0.150,sh_y=-0.487,sh_y_unc=+0.100,rot_z=+0.0000,rot_z_unc=+0.0000

[phys_no_margin/fill_5028]
id=2,sh_x=-2.832,sh_x_unc=+0.150,sh_y=+0.250,sh_y_unc=+0.100,rot_z=-0.0137,rot_z_unc=+0.0050
id=3,sh_x=-4.151,sh_x_unc=+0.150,sh_y=-0.561,sh_y_unc=+0.100,rot_z=+0.0000,rot_z_unc=+0.0000
id=102,sh_x=-3.962,sh_x_unc=+0.150,sh_y=-0.324,sh_y_unc=+0.100,rot_z=+0.0000,rot_z_unc=+0.0000
id=103,sh_x=-3.588,sh_x_unc=+0.150,sh_y=-0.453,sh_y_unc=+0.100,rot_z=+0.0000,rot_z_unc=+0.0000

[phys_no_margin/fill_5029]
id=2,sh_x=-2.770,sh_x_unc=+0.150,sh_y=+0.227,sh_y_unc=+0.100,rot_z=-0.0128,rot_z_unc=+0.0050
id=3,sh_x=-4.055,sh_x_unc=+0.150,sh_y=-0.550,sh_y_unc=+0.100,rot_z=+0.0000,rot_z_unc=+0.0000
id=102,sh_x=-3.994,sh_x_unc=+0.150,sh_y=-0.324,sh_y_unc=+0.100,rot_z=+0.0000,rot_z_unc=+0.0000
id=103,sh_x=-3.631,sh_x_unc=+0.150,sh_y=-0.483,sh_y_unc=+0.100,rot_z=+0.0000,rot_z_unc=+0.0000

[phys_no_margin/fill_5030]
id=2,sh_x=-2.801,sh_x_unc=+0.150,sh_y=+0.113,sh_y_unc=+0.100,rot_z=-0.0119,rot_z_unc=+0.0050
id=3,sh_x=-4.057,sh_x_unc=+0.150,sh_y=-0.610,sh_y_unc=+0.100,rot_z=+0.0000,rot_z_unc=+0.0000
id=102,sh_x=-3.933,sh_x_unc=+0.150,sh_y=-0.373,sh_y_unc=+0.100,rot_z=+0.0000,rot_z_unc=+0.0000
id=103,sh_x=-3.559,sh_x_unc=+0.150,sh_y=-0.509,sh_y_unc=+0.100,rot_z=+0.0000,rot_z_unc=+0.0000

[phys_no_margin/fill_5038]
id=2,sh_x=-2.904,sh_x_unc=+0.150,sh_y=+0.127,sh_y_unc=+0.100,rot_z=-0.0086,rot_z_unc=+0.0050
id=3,sh_x=-4.096,sh_x_unc=+0.150,sh_y=-0.530,sh_y_unc=+0.100,rot_z=+0.0000,rot_z_unc=+0.0000
id=102,sh_x=-3.926,sh_x_unc=+0.150,sh_y=-0.319,sh_y_unc=+0.100,rot_z=+0.0000,rot_z_unc=+0.0000
id=103,sh_x=-3.566,sh_x_unc=+0.150,sh_y=-0.397,sh_y_unc=+0.100,rot_z=+0.0000,rot_z_unc=+0.0000

[phys_no_margin/fill_5043]
id=2,sh_x=-2.973,sh_x_unc=+0.150,sh_y=+0.004,sh_y_unc=+0.100,rot_z=-0.0075,rot_z_unc=+0.0050
id=3,sh_x=-4.127,sh_x_unc=+0.150,sh_y=-0.578,sh_y_unc=+0.100,rot_z=+0.0000,rot_z_unc=+0.0000
id=102,sh_x=-3.944,sh_x_unc=+0.150,sh_y=-0.317,sh_y_unc=+0.100,rot_z=+0.0000,rot_z_unc=+0.0000
id=103,sh_x=-3.581,sh_x_unc=+0.150,sh_y=-0.438,sh_y_unc=+0.100,rot_z=+0.0000,rot_z_unc=+0.0000

[phys_no_margin/fill_5045]
id=2,sh_x=-2.982,sh_x_unc=+0.150,sh_y=-0.049,sh_y_unc=+0.100,rot_z=-0.0070,rot_z_unc=+0.0050
id=3,sh_x=-4.118,sh_x_unc=+0.150,sh_y=-0.592,sh_y_unc=+0.100,rot_z=+0.0000,rot_z_unc=+0.0000
id=102,sh_x=-3.935,sh_x_unc=+0.150,sh_y=-0.359,sh_y_unc=+0.100,rot_z=+0.0000,rot_z_unc=+0.0000
id=103,sh_x=-3.557,sh_x_unc=+0.150,sh_y=-0.495,sh_y_unc=+0.100,rot_z=+0.0000,rot_z_unc=+0.0000

[phys_no_margin/fill_5048]
id=2,sh_x=-3.033,sh_x_unc=+0.150,sh_y=-0.006,sh_y_unc=+0.100,rot_z=-0.0064,rot_z_unc=+0.0050
id=3,sh_x=-4.134,sh_x_unc=+0.150,sh_y=-0.605,sh_y_unc=+0.100,rot_z=+0.0000,rot_z_unc=+0.0000
id=102,sh_x=-3.962,sh_x_unc=+0.150,sh_y=-0.334,sh_y_unc=+0.100,rot_z=+0.0000,rot_z_unc=+0.0000
id=103,sh_x=-3.588,sh_x_unc=+0.150,sh_y=-0.458,sh_y_unc=+0.100,rot_z=+0.0000,rot_z_unc=+0.0000

[phys_no_margin/fill_5052]
id=2,sh_x=-3.075,sh_x_unc=+0.150,sh_y=-0.170,sh_y_unc=+0.100,rot_z=-0.0055,rot_z_unc=+0.0050
id=3,sh_x=-4.125,sh_x_unc=+0.150,sh_y=-0.649,sh_y_unc=+0.100,rot_z=+0.0000,rot_z_unc=+0.0000
id=102,sh_x=-4.013,sh_x_unc=+0.150,sh_y=-0.304,sh_y_unc=+0.100,rot_z=+0.0000,rot_z_unc=+0.0000
id=103,sh_x=-3.662,sh_x_unc=+0.150,sh_y=-0.428,sh_y_unc=+0.100,rot_z=+0.0000,rot_z_unc=+0.0000

[phys_no_margin/fill_5261]
id=2,sh_x=-3.297,sh_x_unc=+0.150,sh_y=-0.188,sh_y_unc=+0.100,rot_z=-0.0097,rot_z_unc=+0.0050
id=3,sh_x=-4.136,sh_x_unc=+0.150,sh_y=-0.453,sh_y_unc=+0.100,rot_z=+0.0000,rot_z_unc=+0.0000
id=102,sh_x=-3.919,sh_x_unc=+0.150,sh_y=-0.325,sh_y_unc=+0.100,rot_z=+0.0000,rot_z_unc=+0.0000
id=103,sh_x=-3.556,sh_x_unc=+0.150,sh_y=-0.403,sh_y_unc=+0.100,rot_z=+0.0000,rot_z_unc=+0.0000

[phys_no_margin/fill_5264]
id=2,sh_x=-3.370,sh_x_unc=+0.150,sh_y=-0.220,sh_y_unc=+0.100,rot_z=-0.0089,rot_z_unc=+0.0050
id=3,sh_x=-4.213,sh_x_unc=+0.150,sh_y=-0.449,sh_y_unc=+0.100,rot_z=+0.0000,rot_z_unc=+0.0000
id=102,sh_x=+0.045,sh_x_unc=+0.150,sh_y=+0.000,sh_y_unc=+0.100,rot_z=+0.0000,rot_z_unc=+0.0000
id=103,sh_x=-0.045,sh_x_unc=+0.150,sh_y=+0.000,sh_y_unc=+0.100,rot_z=+0.0000,rot_z_unc=+0.0000

[phys_no_margin/fill_5265]
id=2,sh_x=-3.362,sh_x_unc=+0.150,sh_y=-0.197,sh_y_unc=+0.100,rot_z=-0.0086,rot_z_unc=+0.0050
id=3,sh_x=-4.196,sh_x_unc=+0.150,sh_y=-0.429,sh_y_unc=+0.100,rot_z=+0.0000,rot_z_unc=+0.0000
id=102,sh_x=-3.912,sh_x_unc=+0.150,sh_y=-0.309,sh_y_unc=+0.100,rot_z=+0.0000,rot_z_unc=+0.0000
id=103,sh_x=-3.546,sh_x_unc=+0.150,sh_y=-0.379,sh_y_unc=+0.100,rot_z=+0.0000,rot_z_unc=+0.0000

[phys_no_margin/fill_5266]
id=2,sh_x=-3.363,sh_x_unc=+0.150,sh_y=-0.201,sh_y_unc=+0.100,rot_z=-0.0083,rot_z_unc=+0.0050
id=3,sh_x=-4.212,sh_x_unc=+0.150,sh_y=-0.446,sh_y_unc=+0.100,rot_z=+0.0000,rot_z_unc=+0.0000
id=102,sh_x=-3.892,sh_x_unc=+0.150,sh_y=-0.301,sh_y_unc=+0.100,rot_z=+0.0000,rot_z_unc=+0.0000
id=103,sh_x=-3.536,sh_x_unc=+0.150,sh_y=-0.391,sh_y_unc=+0.100,rot_z=+0.0000,rot_z_unc=+0.0000

[phys_no_margin/fill_5267]
id=2,sh_x=-3.337,sh_x_unc=+0.150,sh_y=-0.189,sh_y_unc=+0.100,rot_z=-0.0080,rot_z_unc=+0.0050
id=3,sh_x=-4.188,sh_x_unc=+0.150,sh_y=-0.438,sh_y_unc=+0.100,rot_z=+0.0000,rot_z_unc=+0.0000
id=102,sh_x=-3.914,sh_x_unc=+0.150,sh_y=-0.315,sh_y_unc=+0.100,rot_z=+0.0000,rot_z_unc=+0.0000
id=103,sh_x=-3.562,sh_x_unc=+0.150,sh_y=-0.397,sh_y_unc=+0.100,rot_z=+0.0000,rot_z_unc=+0.0000

[phys_no_margin/fill_5274]
id=2,sh_x=-3.298,sh_x_unc=+0.150,sh_y=-0.193,sh_y_unc=+0.100,rot_z=-0.0060,rot_z_unc=+0.0050
id=3,sh_x=-4.127,sh_x_unc=+0.150,sh_y=-0.427,sh_y_unc=+0.100,rot_z=+0.0000,rot_z_unc=+0.0000
id=102,sh_x=-3.892,sh_x_unc=+0.150,sh_y=-0.320,sh_y_unc=+0.100,rot_z=+0.0000,rot_z_unc=+0.0000
id=103,sh_x=-3.529,sh_x_unc=+0.150,sh_y=-0.397,sh_y_unc=+0.100,rot_z=+0.0000,rot_z_unc=+0.0000

[phys_no_margin/fill_5275]
id=2,sh_x=-3.444,sh_x_unc=+0.150,sh_y=-0.179,sh_y_unc=+0.100,rot_z=-0.0058,rot_z_unc=+0.0050
id=3,sh_x=-4.273,sh_x_unc=+0.150,sh_y=-0.421,sh_y_unc=+0.100,rot_z=+0.0000,rot_z_unc=+0.0000
id=102,sh_x=-3.902,sh_x_unc=+0.150,sh_y=-0.287,sh_y_unc=+0.100,rot_z=+0.0000,rot_z_unc=+0.0000
id=103,sh_x=-3.556,sh_x_unc=+0.150,sh_y=-0.385,sh_y_unc=+0.100,rot_z=+0.0000,rot_z_unc=+0.0000

[phys_no_margin/fill_5276]
id=2,sh_x=-3.356,sh_x_unc=+0.150,sh_y=-0.210,sh_y_unc=+0.100,rot_z=-0.0055,rot_z_unc=+0.0050
id=3,sh_x=-4.194,sh_x_unc=+0.150,sh_y=-0.431,sh_y_unc=+0.100,rot_z=+0.0000,rot_z_unc=+0.0000
id=102,sh_x=-3.905,sh_x_unc=+0.150,sh_y=-0.313,sh_y_unc=+0.100,rot_z=+0.0000,rot_z_unc=+0.0000
id=103,sh_x=-3.562,sh_x_unc=+0.150,sh_y=-0.403,sh_y_unc=+0.100,rot_z=+0.0000,rot_z_unc=+0.0000

[phys_no_margin/fill_5277]
id=2,sh_x=-3.272,sh_x_unc=+0.150,sh_y=-0.192,sh_y_unc=+0.100,rot_z=-0.0052,rot_z_unc=+0.0050
id=3,sh_x=-4.112,sh_x_unc=+0.150,sh_y=-0.434,sh_y_unc=+0.100,rot_z=+0.0000,rot_z_unc=+0.0000
id=102,sh_x=-3.921,sh_x_unc=+0.150,sh_y=-0.307,sh_y_unc=+0.100,rot_z=+0.0000,rot_z_unc=+0.0000
id=103,sh_x=-3.554,sh_x_unc=+0.150,sh_y=-0.403,sh_y_unc=+0.100,rot_z=+0.0000,rot_z_unc=+0.0000

[phys_no_margin/fill_5279]
id=2,sh_x=-3.329,sh_x_unc=+0.150,sh_y=-0.203,sh_y_unc=+0.100,rot_z=-0.0046,rot_z_unc=+0.0050
id=3,sh_x=-4.171,sh_x_unc=+0.150,sh_y=-0.438,sh_y_unc=+0.100,rot_z=+0.0000,rot_z_unc=+0.0000
id=102,sh_x=-3.902,sh_x_unc=+0.150,sh_y=-0.299,sh_y_unc=+0.100,rot_z=+0.0000,rot_z_unc=+0.0000
id=103,sh_x=-3.540,sh_x_unc=+0.150,sh_y=-0.389,sh_y_unc=+0.100,rot_z=+0.0000,rot_z_unc=+0.0000

[phys_no_margin/fill_5287]
id=2,sh_x=-3.420,sh_x_unc=+0.150,sh_y=-0.218,sh_y_unc=+0.100,rot_z=-0.0024,rot_z_unc=+0.0050
id=3,sh_x=-4.255,sh_x_unc=+0.150,sh_y=-0.428,sh_y_unc=+0.100,rot_z=+0.0000,rot_z_unc=+0.0000
id=102,sh_x=-3.886,sh_x_unc=+0.150,sh_y=-0.289,sh_y_unc=+0.100,rot_z=+0.0000,rot_z_unc=+0.0000
id=103,sh_x=-3.539,sh_x_unc=+0.150,sh_y=-0.383,sh_y_unc=+0.100,rot_z=+0.0000,rot_z_unc=+0.0000

[phys_no_margin/fill_5288]
id=2,sh_x=-3.365,sh_x_unc=+0.150,sh_y=-0.217,sh_y_unc=+0.100,rot_z=-0.0021,rot_z_unc=+0.0050
id=3,sh_x=-4.210,sh_x_unc=+0.150,sh_y=-0.439,sh_y_unc=+0.100,rot_z=+0.0000,rot_z_unc=+0.0000
id=102,sh_x=-3.915,sh_x_unc=+0.150,sh_y=-0.315,sh_y_unc=+0.100,rot_z=+0.0000,rot_z_unc=+0.0000
id=103,sh_x=-3.563,sh_x_unc=+0.150,sh_y=-0.414,sh_y_unc=+0.100,rot_z=+0.0000,rot_z_unc=+0.0000
