
[phys_margin/fill_4947]
id=2,sh_x=-1.055,sh_x_unc=+0.150,sh_y=+0.957,sh_y_unc=+0.100,rot_z=-0.0225,rot_z_unc=+0.0000
id=3,sh_x=-3.612,sh_x_unc=+0.150,sh_y=-0.418,sh_y_unc=+0.100,rot_z=+0.0000,rot_z_unc=+0.0000
id=102,sh_x=-3.201,sh_x_unc=+0.150,sh_y=-0.277,sh_y_unc=+0.100,rot_z=+0.0000,rot_z_unc=+0.0000
id=103,sh_x=-2.841,sh_x_unc=+0.150,sh_y=-0.434,sh_y_unc=+0.100,rot_z=+0.0000,rot_z_unc=+0.0000

[phys_margin/fill_4953]
id=2,sh_x=-1.133,sh_x_unc=+0.150,sh_y=+0.980,sh_y_unc=+0.100,rot_z=-0.0225,rot_z_unc=+0.0000
id=3,sh_x=-3.642,sh_x_unc=+0.150,sh_y=-0.398,sh_y_unc=+0.100,rot_z=+0.0000,rot_z_unc=+0.0000
id=102,sh_x=-3.290,sh_x_unc=+0.150,sh_y=-0.252,sh_y_unc=+0.100,rot_z=+0.0000,rot_z_unc=+0.0000
id=103,sh_x=-2.927,sh_x_unc=+0.150,sh_y=-0.409,sh_y_unc=+0.100,rot_z=+0.0000,rot_z_unc=+0.0000

[phys_margin/fill_4961]
id=2,sh_x=-1.118,sh_x_unc=+0.150,sh_y=+0.959,sh_y_unc=+0.100,rot_z=-0.0225,rot_z_unc=+0.0000
id=3,sh_x=-3.632,sh_x_unc=+0.150,sh_y=-0.408,sh_y_unc=+0.100,rot_z=+0.0000,rot_z_unc=+0.0000
id=102,sh_x=-3.297,sh_x_unc=+0.150,sh_y=-0.281,sh_y_unc=+0.100,rot_z=+0.0000,rot_z_unc=+0.0000
id=103,sh_x=-2.945,sh_x_unc=+0.150,sh_y=-0.442,sh_y_unc=+0.100,rot_z=+0.0000,rot_z_unc=+0.0000

[phys_margin/fill_4964]
id=2,sh_x=-1.219,sh_x_unc=+0.150,sh_y=+0.904,sh_y_unc=+0.100,rot_z=-0.0225,rot_z_unc=+0.0000
id=3,sh_x=-3.706,sh_x_unc=+0.150,sh_y=-0.445,sh_y_unc=+0.100,rot_z=+0.0000,rot_z_unc=+0.0000
id=102,sh_x=-3.380,sh_x_unc=+0.150,sh_y=-0.297,sh_y_unc=+0.100,rot_z=+0.0000,rot_z_unc=+0.0000
id=103,sh_x=-3.028,sh_x_unc=+0.150,sh_y=-0.436,sh_y_unc=+0.100,rot_z=+0.0000,rot_z_unc=+0.0000

[phys_margin/fill_4976]
id=2,sh_x=-1.185,sh_x_unc=+0.150,sh_y=+0.949,sh_y_unc=+0.100,rot_z=-0.0225,rot_z_unc=+0.0000
id=3,sh_x=-3.632,sh_x_unc=+0.150,sh_y=-0.418,sh_y_unc=+0.100,rot_z=+0.0000,rot_z_unc=+0.0000
id=102,sh_x=-3.343,sh_x_unc=+0.150,sh_y=-0.272,sh_y_unc=+0.100,rot_z=+0.0000,rot_z_unc=+0.0000
id=103,sh_x=-2.991,sh_x_unc=+0.150,sh_y=-0.429,sh_y_unc=+0.100,rot_z=+0.0000,rot_z_unc=+0.0000

[phys_no_margin/fill_4964]
id=2,sh_x=-1.658,sh_x_unc=+0.150,sh_y=+0.929,sh_y_unc=+0.100,rot_z=-0.0225,rot_z_unc=+0.0000
id=3,sh_x=-4.150,sh_x_unc=+0.150,sh_y=-0.356,sh_y_unc=+0.100,rot_z=+0.0000,rot_z_unc=+0.0000
id=102,sh_x=-3.743,sh_x_unc=+0.150,sh_y=-0.279,sh_y_unc=+0.100,rot_z=+0.0000,rot_z_unc=+0.0000
id=103,sh_x=-3.390,sh_x_unc=+0.150,sh_y=-0.366,sh_y_unc=+0.100,rot_z=+0.0000,rot_z_unc=+0.0000

[phys_no_margin/fill_4985]
id=2,sh_x=-1.777,sh_x_unc=+0.150,sh_y=+0.930,sh_y_unc=+0.100,rot_z=-0.0225,rot_z_unc=+0.0000
id=3,sh_x=-4.190,sh_x_unc=+0.150,sh_y=-0.346,sh_y_unc=+0.100,rot_z=+0.0000,rot_z_unc=+0.0000
id=102,sh_x=-3.916,sh_x_unc=+0.150,sh_y=-0.284,sh_y_unc=+0.100,rot_z=+0.0000,rot_z_unc=+0.0000
id=103,sh_x=-3.559,sh_x_unc=+0.150,sh_y=-0.368,sh_y_unc=+0.100,rot_z=+0.0000,rot_z_unc=+0.0000

[phys_no_margin/fill_4988]
id=2,sh_x=-1.850,sh_x_unc=+0.150,sh_y=+0.889,sh_y_unc=+0.100,rot_z=-0.0225,rot_z_unc=+0.0000
id=3,sh_x=-4.192,sh_x_unc=+0.150,sh_y=-0.363,sh_y_unc=+0.100,rot_z=+0.0000,rot_z_unc=+0.0000
id=102,sh_x=-3.846,sh_x_unc=+0.150,sh_y=-0.292,sh_y_unc=+0.100,rot_z=+0.0000,rot_z_unc=+0.0000
id=103,sh_x=-3.487,sh_x_unc=+0.150,sh_y=-0.378,sh_y_unc=+0.100,rot_z=+0.0000,rot_z_unc=+0.0000

[phys_no_margin/fill_4990]
id=2,sh_x=-1.910,sh_x_unc=+0.150,sh_y=+0.878,sh_y_unc=+0.100,rot_z=-0.0225,rot_z_unc=+0.0000
id=3,sh_x=-4.173,sh_x_unc=+0.150,sh_y=-0.360,sh_y_unc=+0.100,rot_z=+0.0000,rot_z_unc=+0.0000
id=102,sh_x=-3.885,sh_x_unc=+0.150,sh_y=-0.283,sh_y_unc=+0.100,rot_z=+0.0000,rot_z_unc=+0.0000
id=103,sh_x=-3.515,sh_x_unc=+0.150,sh_y=-0.370,sh_y_unc=+0.100,rot_z=+0.0000,rot_z_unc=+0.0000

[phys_no_margin/fill_5005]
id=2,sh_x=-2.387,sh_x_unc=+0.150,sh_y=+0.753,sh_y_unc=+0.100,rot_z=-0.0351,rot_z_unc=+0.0000
id=3,sh_x=-4.013,sh_x_unc=+0.150,sh_y=-0.579,sh_y_unc=+0.100,rot_z=+0.0000,rot_z_unc=+0.0000
id=102,sh_x=-3.981,sh_x_unc=+0.150,sh_y=-0.245,sh_y_unc=+0.100,rot_z=+0.0000,rot_z_unc=+0.0000
id=103,sh_x=-3.619,sh_x_unc=+0.150,sh_y=-0.334,sh_y_unc=+0.100,rot_z=+0.0000,rot_z_unc=+0.0000

[phys_no_margin/fill_5013]
id=2,sh_x=-2.621,sh_x_unc=+0.150,sh_y=+0.654,sh_y_unc=+0.100,rot_z=-0.0276,rot_z_unc=+0.0000
id=3,sh_x=-4.254,sh_x_unc=+0.150,sh_y=-0.502,sh_y_unc=+0.100,rot_z=+0.0000,rot_z_unc=+0.0000
id=102,sh_x=-3.946,sh_x_unc=+0.150,sh_y=-0.294,sh_y_unc=+0.100,rot_z=+0.0000,rot_z_unc=+0.0000
id=103,sh_x=-3.587,sh_x_unc=+0.150,sh_y=-0.382,sh_y_unc=+0.100,rot_z=+0.0000,rot_z_unc=+0.0000

[phys_no_margin/fill_5017]
id=2,sh_x=-2.560,sh_x_unc=+0.150,sh_y=+0.597,sh_y_unc=+0.100,rot_z=-0.0239,rot_z_unc=+0.0000
id=3,sh_x=-4.123,sh_x_unc=+0.150,sh_y=-0.477,sh_y_unc=+0.100,rot_z=+0.0000,rot_z_unc=+0.0000
id=102,sh_x=-3.878,sh_x_unc=+0.150,sh_y=-0.295,sh_y_unc=+0.100,rot_z=+0.0000,rot_z_unc=+0.0000
id=103,sh_x=-3.531,sh_x_unc=+0.150,sh_y=-0.383,sh_y_unc=+0.100,rot_z=+0.0000,rot_z_unc=+0.0000

[phys_no_margin/fill_5020]
id=2,sh_x=-2.597,sh_x_unc=+0.150,sh_y=+0.525,sh_y_unc=+0.100,rot_z=-0.0211,rot_z_unc=+0.0000
id=3,sh_x=-4.128,sh_x_unc=+0.150,sh_y=-0.460,sh_y_unc=+0.100,rot_z=+0.0000,rot_z_unc=+0.0000
id=102,sh_x=-3.915,sh_x_unc=+0.150,sh_y=-0.312,sh_y_unc=+0.100,rot_z=+0.0000,rot_z_unc=+0.0000
id=103,sh_x=-3.543,sh_x_unc=+0.150,sh_y=-0.403,sh_y_unc=+0.100,rot_z=+0.0000,rot_z_unc=+0.0000

[phys_no_margin/fill_5021]
id=2,sh_x=-2.688,sh_x_unc=+0.150,sh_y=+0.502,sh_y_unc=+0.100,rot_z=-0.0202,rot_z_unc=+0.0000
id=3,sh_x=-4.162,sh_x_unc=+0.150,sh_y=-0.450,sh_y_unc=+0.100,rot_z=+0.0000,rot_z_unc=+0.0000
id=102,sh_x=-3.946,sh_x_unc=+0.150,sh_y=-0.298,sh_y_unc=+0.100,rot_z=+0.0000,rot_z_unc=+0.0000
id=103,sh_x=-3.579,sh_x_unc=+0.150,sh_y=-0.388,sh_y_unc=+0.100,rot_z=+0.0000,rot_z_unc=+0.0000

[phys_no_margin/fill_5024]
id=2,sh_x=-2.692,sh_x_unc=+0.150,sh_y=+0.475,sh_y_unc=+0.100,rot_z=-0.0174,rot_z_unc=+0.0000
id=3,sh_x=-4.116,sh_x_unc=+0.150,sh_y=-0.407,sh_y_unc=+0.100,rot_z=+0.0000,rot_z_unc=+0.0000
id=102,sh_x=-3.874,sh_x_unc=+0.150,sh_y=-0.283,sh_y_unc=+0.100,rot_z=+0.0000,rot_z_unc=+0.0000
id=103,sh_x=-3.517,sh_x_unc=+0.150,sh_y=-0.378,sh_y_unc=+0.100,rot_z=+0.0000,rot_z_unc=+0.0000

[phys_no_margin/fill_5026]
id=2,sh_x=-2.729,sh_x_unc=+0.150,sh_y=+0.421,sh_y_unc=+0.100,rot_z=-0.0156,rot_z_unc=+0.0000
id=3,sh_x=-4.121,sh_x_unc=+0.150,sh_y=-0.411,sh_y_unc=+0.100,rot_z=+0.0000,rot_z_unc=+0.0000
id=102,sh_x=-3.876,sh_x_unc=+0.150,sh_y=-0.293,sh_y_unc=+0.100,rot_z=+0.0000,rot_z_unc=+0.0000
id=103,sh_x=-3.524,sh_x_unc=+0.150,sh_y=-0.385,sh_y_unc=+0.100,rot_z=+0.0000,rot_z_unc=+0.0000

[phys_no_margin/fill_5027]
id=2,sh_x=-2.750,sh_x_unc=+0.150,sh_y=+0.369,sh_y_unc=+0.100,rot_z=-0.0146,rot_z_unc=+0.0000
id=3,sh_x=-4.117,sh_x_unc=+0.150,sh_y=-0.405,sh_y_unc=+0.100,rot_z=+0.0000,rot_z_unc=+0.0000
id=102,sh_x=-3.961,sh_x_unc=+0.150,sh_y=-0.292,sh_y_unc=+0.100,rot_z=+0.0000,rot_z_unc=+0.0000
id=103,sh_x=-3.606,sh_x_unc=+0.150,sh_y=-0.382,sh_y_unc=+0.100,rot_z=+0.0000,rot_z_unc=+0.0000

[phys_no_margin/fill_5028]
id=2,sh_x=-2.832,sh_x_unc=+0.150,sh_y=+0.353,sh_y_unc=+0.100,rot_z=-0.0137,rot_z_unc=+0.0000
id=3,sh_x=-4.151,sh_x_unc=+0.150,sh_y=-0.392,sh_y_unc=+0.100,rot_z=+0.0000,rot_z_unc=+0.0000
id=102,sh_x=-3.962,sh_x_unc=+0.150,sh_y=-0.283,sh_y_unc=+0.100,rot_z=+0.0000,rot_z_unc=+0.0000
id=103,sh_x=-3.588,sh_x_unc=+0.150,sh_y=-0.371,sh_y_unc=+0.100,rot_z=+0.0000,rot_z_unc=+0.0000

[phys_no_margin/fill_5029]
id=2,sh_x=-2.770,sh_x_unc=+0.150,sh_y=+0.325,sh_y_unc=+0.100,rot_z=-0.0128,rot_z_unc=+0.0000
id=3,sh_x=-4.055,sh_x_unc=+0.150,sh_y=-0.378,sh_y_unc=+0.100,rot_z=+0.0000,rot_z_unc=+0.0000
id=102,sh_x=-3.994,sh_x_unc=+0.150,sh_y=-0.295,sh_y_unc=+0.100,rot_z=+0.0000,rot_z_unc=+0.0000
id=103,sh_x=-3.631,sh_x_unc=+0.150,sh_y=-0.385,sh_y_unc=+0.100,rot_z=+0.0000,rot_z_unc=+0.0000

[phys_no_margin/fill_5030]
id=2,sh_x=-2.801,sh_x_unc=+0.150,sh_y=+0.272,sh_y_unc=+0.100,rot_z=-0.0119,rot_z_unc=+0.0000
id=3,sh_x=-4.057,sh_x_unc=+0.150,sh_y=-0.378,sh_y_unc=+0.100,rot_z=+0.0000,rot_z_unc=+0.0000
id=102,sh_x=-3.933,sh_x_unc=+0.150,sh_y=-0.295,sh_y_unc=+0.100,rot_z=+0.0000,rot_z_unc=+0.0000
id=103,sh_x=-3.559,sh_x_unc=+0.150,sh_y=-0.394,sh_y_unc=+0.100,rot_z=+0.0000,rot_z_unc=+0.0000

[phys_no_margin/fill_5038]
id=2,sh_x=-2.904,sh_x_unc=+0.150,sh_y=+0.211,sh_y_unc=+0.100,rot_z=-0.0086,rot_z_unc=+0.0000
id=3,sh_x=-4.096,sh_x_unc=+0.150,sh_y=-0.357,sh_y_unc=+0.100,rot_z=+0.0000,rot_z_unc=+0.0000
id=102,sh_x=-3.926,sh_x_unc=+0.150,sh_y=-0.280,sh_y_unc=+0.100,rot_z=+0.0000,rot_z_unc=+0.0000
id=103,sh_x=-3.566,sh_x_unc=+0.150,sh_y=-0.365,sh_y_unc=+0.100,rot_z=+0.0000,rot_z_unc=+0.0000

[phys_no_margin/fill_5043]
id=2,sh_x=-2.973,sh_x_unc=+0.150,sh_y=+0.143,sh_y_unc=+0.100,rot_z=-0.0075,rot_z_unc=+0.0000
id=3,sh_x=-4.127,sh_x_unc=+0.150,sh_y=-0.366,sh_y_unc=+0.100,rot_z=+0.0000,rot_z_unc=+0.0000
id=102,sh_x=-3.944,sh_x_unc=+0.150,sh_y=-0.307,sh_y_unc=+0.100,rot_z=+0.0000,rot_z_unc=+0.0000
id=103,sh_x=-3.581,sh_x_unc=+0.150,sh_y=-0.395,sh_y_unc=+0.100,rot_z=+0.0000,rot_z_unc=+0.0000

[phys_no_margin/fill_5045]
id=2,sh_x=-2.982,sh_x_unc=+0.150,sh_y=+0.063,sh_y_unc=+0.100,rot_z=-0.0070,rot_z_unc=+0.0000
id=3,sh_x=-4.118,sh_x_unc=+0.150,sh_y=-0.389,sh_y_unc=+0.100,rot_z=+0.0000,rot_z_unc=+0.0000
id=102,sh_x=-3.935,sh_x_unc=+0.150,sh_y=-0.308,sh_y_unc=+0.100,rot_z=+0.0000,rot_z_unc=+0.0000
id=103,sh_x=-3.557,sh_x_unc=+0.150,sh_y=-0.405,sh_y_unc=+0.100,rot_z=+0.0000,rot_z_unc=+0.0000

[phys_no_margin/fill_5048]
id=2,sh_x=-3.033,sh_x_unc=+0.150,sh_y=+0.024,sh_y_unc=+0.100,rot_z=-0.0064,rot_z_unc=+0.0000
id=3,sh_x=-4.134,sh_x_unc=+0.150,sh_y=-0.395,sh_y_unc=+0.100,rot_z=+0.0000,rot_z_unc=+0.0000
id=102,sh_x=-3.962,sh_x_unc=+0.150,sh_y=-0.289,sh_y_unc=+0.100,rot_z=+0.0000,rot_z_unc=+0.0000
id=103,sh_x=-3.588,sh_x_unc=+0.150,sh_y=-0.379,sh_y_unc=+0.100,rot_z=+0.0000,rot_z_unc=+0.0000

[phys_no_margin/fill_5052]
id=2,sh_x=-3.075,sh_x_unc=+0.150,sh_y=-0.003,sh_y_unc=+0.100,rot_z=-0.0055,rot_z_unc=+0.0000
id=3,sh_x=-4.125,sh_x_unc=+0.150,sh_y=-0.391,sh_y_unc=+0.100,rot_z=+0.0000,rot_z_unc=+0.0000
id=102,sh_x=-4.013,sh_x_unc=+0.150,sh_y=-0.299,sh_y_unc=+0.100,rot_z=+0.0000,rot_z_unc=+0.0000
id=103,sh_x=-3.662,sh_x_unc=+0.150,sh_y=-0.388,sh_y_unc=+0.100,rot_z=+0.0000,rot_z_unc=+0.0000

[phys_no_margin/fill_5261]
id=2,sh_x=-3.297,sh_x_unc=+0.150,sh_y=-0.179,sh_y_unc=+0.100,rot_z=-0.0097,rot_z_unc=+0.0000
id=3,sh_x=-4.136,sh_x_unc=+0.150,sh_y=-0.440,sh_y_unc=+0.100,rot_z=+0.0000,rot_z_unc=+0.0000
id=102,sh_x=-3.919,sh_x_unc=+0.150,sh_y=-0.300,sh_y_unc=+0.100,rot_z=+0.0000,rot_z_unc=+0.0000
id=103,sh_x=-3.556,sh_x_unc=+0.150,sh_y=-0.382,sh_y_unc=+0.100,rot_z=+0.0000,rot_z_unc=+0.0000

[phys_no_margin/fill_5264]
id=2,sh_x=-3.370,sh_x_unc=+0.150,sh_y=-0.178,sh_y_unc=+0.100,rot_z=-0.0089,rot_z_unc=+0.0000
id=3,sh_x=-4.213,sh_x_unc=+0.150,sh_y=-0.424,sh_y_unc=+0.100,rot_z=+0.0000,rot_z_unc=+0.0000
id=102,sh_x=+0.045,sh_x_unc=+0.150,sh_y=+0.075,sh_y_unc=+0.100,rot_z=+0.0000,rot_z_unc=+0.0000
id=103,sh_x=-0.045,sh_x_unc=+0.150,sh_y=+0.075,sh_y_unc=+0.100,rot_z=+0.0000,rot_z_unc=+0.0000

[phys_no_margin/fill_5265]
id=2,sh_x=-3.362,sh_x_unc=+0.150,sh_y=-0.160,sh_y_unc=+0.100,rot_z=-0.0086,rot_z_unc=+0.0000
id=3,sh_x=-4.196,sh_x_unc=+0.150,sh_y=-0.415,sh_y_unc=+0.100,rot_z=+0.0000,rot_z_unc=+0.0000
id=102,sh_x=-3.912,sh_x_unc=+0.150,sh_y=-0.277,sh_y_unc=+0.100,rot_z=+0.0000,rot_z_unc=+0.0000
id=103,sh_x=-3.546,sh_x_unc=+0.150,sh_y=-0.355,sh_y_unc=+0.100,rot_z=+0.0000,rot_z_unc=+0.0000

[phys_no_margin/fill_5266]
id=2,sh_x=-3.363,sh_x_unc=+0.150,sh_y=-0.186,sh_y_unc=+0.100,rot_z=-0.0083,rot_z_unc=+0.0000
id=3,sh_x=-4.212,sh_x_unc=+0.150,sh_y=-0.419,sh_y_unc=+0.100,rot_z=+0.0000,rot_z_unc=+0.0000
id=102,sh_x=-3.892,sh_x_unc=+0.150,sh_y=-0.290,sh_y_unc=+0.100,rot_z=+0.0000,rot_z_unc=+0.0000
id=103,sh_x=-3.536,sh_x_unc=+0.150,sh_y=-0.369,sh_y_unc=+0.100,rot_z=+0.0000,rot_z_unc=+0.0000

[phys_no_margin/fill_5267]
id=2,sh_x=-3.337,sh_x_unc=+0.150,sh_y=-0.156,sh_y_unc=+0.100,rot_z=-0.0080,rot_z_unc=+0.0000
id=3,sh_x=-4.188,sh_x_unc=+0.150,sh_y=-0.405,sh_y_unc=+0.100,rot_z=+0.0000,rot_z_unc=+0.0000
id=102,sh_x=-3.914,sh_x_unc=+0.150,sh_y=-0.293,sh_y_unc=+0.100,rot_z=+0.0000,rot_z_unc=+0.0000
id=103,sh_x=-3.562,sh_x_unc=+0.150,sh_y=-0.374,sh_y_unc=+0.100,rot_z=+0.0000,rot_z_unc=+0.0000

[phys_no_margin/fill_5274]
id=2,sh_x=-3.298,sh_x_unc=+0.150,sh_y=-0.165,sh_y_unc=+0.100,rot_z=-0.0060,rot_z_unc=+0.0000
id=3,sh_x=-4.127,sh_x_unc=+0.150,sh_y=-0.375,sh_y_unc=+0.100,rot_z=+0.0000,rot_z_unc=+0.0000
id=102,sh_x=-3.892,sh_x_unc=+0.150,sh_y=-0.292,sh_y_unc=+0.100,rot_z=+0.0000,rot_z_unc=+0.0000
id=103,sh_x=-3.529,sh_x_unc=+0.150,sh_y=-0.373,sh_y_unc=+0.100,rot_z=+0.0000,rot_z_unc=+0.0000

[phys_no_margin/fill_5275]
id=2,sh_x=-3.444,sh_x_unc=+0.150,sh_y=-0.158,sh_y_unc=+0.100,rot_z=-0.0058,rot_z_unc=+0.0000
id=3,sh_x=-4.273,sh_x_unc=+0.150,sh_y=-0.376,sh_y_unc=+0.100,rot_z=+0.0000,rot_z_unc=+0.0000
id=102,sh_x=-3.902,sh_x_unc=+0.150,sh_y=-0.282,sh_y_unc=+0.100,rot_z=+0.0000,rot_z_unc=+0.0000
id=103,sh_x=-3.556,sh_x_unc=+0.150,sh_y=-0.365,sh_y_unc=+0.100,rot_z=+0.0000,rot_z_unc=+0.0000

[phys_no_margin/fill_5276]
id=2,sh_x=-3.356,sh_x_unc=+0.150,sh_y=-0.172,sh_y_unc=+0.100,rot_z=-0.0055,rot_z_unc=+0.0000
id=3,sh_x=-4.194,sh_x_unc=+0.150,sh_y=-0.375,sh_y_unc=+0.100,rot_z=+0.0000,rot_z_unc=+0.0000
id=102,sh_x=-3.905,sh_x_unc=+0.150,sh_y=-0.293,sh_y_unc=+0.100,rot_z=+0.0000,rot_z_unc=+0.0000
id=103,sh_x=-3.562,sh_x_unc=+0.150,sh_y=-0.377,sh_y_unc=+0.100,rot_z=+0.0000,rot_z_unc=+0.0000

[phys_no_margin/fill_5277]
id=2,sh_x=-3.272,sh_x_unc=+0.150,sh_y=-0.167,sh_y_unc=+0.100,rot_z=-0.0052,rot_z_unc=+0.0000
id=3,sh_x=-4.112,sh_x_unc=+0.150,sh_y=-0.372,sh_y_unc=+0.100,rot_z=+0.0000,rot_z_unc=+0.0000
id=102,sh_x=-3.921,sh_x_unc=+0.150,sh_y=-0.290,sh_y_unc=+0.100,rot_z=+0.0000,rot_z_unc=+0.0000
id=103,sh_x=-3.554,sh_x_unc=+0.150,sh_y=-0.373,sh_y_unc=+0.100,rot_z=+0.0000,rot_z_unc=+0.0000

[phys_no_margin/fill_5279]
id=2,sh_x=-3.329,sh_x_unc=+0.150,sh_y=-0.171,sh_y_unc=+0.100,rot_z=-0.0046,rot_z_unc=+0.0000
id=3,sh_x=-4.171,sh_x_unc=+0.150,sh_y=-0.358,sh_y_unc=+0.100,rot_z=+0.0000,rot_z_unc=+0.0000
id=102,sh_x=-3.902,sh_x_unc=+0.150,sh_y=-0.292,sh_y_unc=+0.100,rot_z=+0.0000,rot_z_unc=+0.0000
id=103,sh_x=-3.540,sh_x_unc=+0.150,sh_y=-0.368,sh_y_unc=+0.100,rot_z=+0.0000,rot_z_unc=+0.0000

[phys_no_margin/fill_5287]
id=2,sh_x=-3.420,sh_x_unc=+0.150,sh_y=-0.154,sh_y_unc=+0.100,rot_z=-0.0024,rot_z_unc=+0.0000
id=3,sh_x=-4.255,sh_x_unc=+0.150,sh_y=-0.320,sh_y_unc=+0.100,rot_z=+0.0000,rot_z_unc=+0.0000
id=102,sh_x=-3.886,sh_x_unc=+0.150,sh_y=-0.282,sh_y_unc=+0.100,rot_z=+0.0000,rot_z_unc=+0.0000
id=103,sh_x=-3.539,sh_x_unc=+0.150,sh_y=-0.365,sh_y_unc=+0.100,rot_z=+0.0000,rot_z_unc=+0.0000

[phys_no_margin/fill_5288]
id=2,sh_x=-3.365,sh_x_unc=+0.150,sh_y=-0.144,sh_y_unc=+0.100,rot_z=-0.0021,rot_z_unc=+0.0000
id=3,sh_x=-4.210,sh_x_unc=+0.150,sh_y=-0.307,sh_y_unc=+0.100,rot_z=+0.0000,rot_z_unc=+0.0000
id=102,sh_x=-3.915,sh_x_unc=+0.150,sh_y=-0.284,sh_y_unc=+0.100,rot_z=+0.0000,rot_z_unc=+0.0000
id=103,sh_x=-3.563,sh_x_unc=+0.150,sh_y=-0.368,sh_y_unc=+0.100,rot_z=+0.0000,rot_z_unc=+0.0000
